<?xml version="1.0" encoding="UTF-8"?>
<!-- Generated by org.testng.reporters.JUnitReportReporter -->
<testsuite hostname="PRINHYLTPHP0388" name="testNg.TestNGSimpleTest" tests="5" failures="0" timestamp="6 Jan 2015 03:40:43 GMT" time="0.030" errors="0">
  <testcase name="testAdd2" time="0.000" classname="testNg.TestNGSimpleTest"/>
  <testcase name="testAdd3" time="0.000" classname="testNg.TestNGSimpleTest"/>
  <testcase name="testAdd4" time="0.000" classname="testNg.TestNGSimpleTest"/>
  <testcase name="testAdd" time="0.020" classname="testNg.TestNGSimpleTest"/>
  <testcase name="testAdd5" time="0.010" classname="testNg.TestNGSimpleTest"/>
</testsuite> <!-- testNg.TestNGSimpleTest -->
