<?xml version="1.0" encoding="UTF-8"?>
<!-- Generated by org.testng.reporters.JUnitReportReporter -->
<testsuite hostname="PRINHYLTPHP0388" name="testNg.TestNGSimpleTest2" tests="5" failures="0" timestamp="6 Jan 2015 03:40:43 GMT" time="0.029" errors="0">
  <testcase name="testAdd5" time="0.001" classname="testNg.TestNGSimpleTest2"/>
  <testcase name="testAdd2" time="0.002" classname="testNg.TestNGSimpleTest2"/>
  <testcase name="testAdd4" time="0.003" classname="testNg.TestNGSimpleTest2"/>
  <testcase name="testAdd" time="0.020" classname="testNg.TestNGSimpleTest2"/>
  <testcase name="testAdd3" time="0.003" classname="testNg.TestNGSimpleTest2"/>
</testsuite> <!-- testNg.TestNGSimpleTest2 -->
